2021-06-11 12:04:17.764  INFO 12204 --- [restartedMain] c.e.datajpa.DatajpaDemoApplication       : Starting DatajpaDemoApplication on blackbox with PID 12204 (D:\work\CTS\INTCDE21IJ030\data-jpa\datajpa-demo\target\classes started by Ashis in D:\work\CTS\INTCDE21IJ030\data-jpa)
2021-06-11 12:04:17.771 DEBUG 12204 --- [restartedMain] c.e.datajpa.DatajpaDemoApplication       : Running with Spring Boot v2.3.12.RELEASE, Spring v5.2.15.RELEASE
2021-06-11 12:04:17.773  INFO 12204 --- [restartedMain] c.e.datajpa.DatajpaDemoApplication       : No active profile set, falling back to default profiles: default
2021-06-11 12:04:17.854  INFO 12204 --- [restartedMain] .e.DevToolsPropertyDefaultsPostProcessor : Devtools property defaults active! Set 'spring.devtools.add-properties' to 'false' to disable
2021-06-11 12:04:17.857  INFO 12204 --- [restartedMain] .e.DevToolsPropertyDefaultsPostProcessor : For additional web related logging consider setting the 'logging.level.web' property to 'DEBUG'
2021-06-11 12:04:18.453  INFO 12204 --- [restartedMain] .s.d.r.c.RepositoryConfigurationDelegate : Bootstrapping Spring Data JPA repositories in DEFAULT mode.
2021-06-11 12:04:18.524  INFO 12204 --- [restartedMain] .s.d.r.c.RepositoryConfigurationDelegate : Finished Spring Data repository scanning in 61ms. Found 1 JPA repository interfaces.
2021-06-11 12:04:19.724  INFO 12204 --- [restartedMain] o.s.b.w.embedded.tomcat.TomcatWebServer  : Tomcat initialized with port(s): 9200 (http)
2021-06-11 12:04:19.745  INFO 12204 --- [restartedMain] o.apache.catalina.core.StandardService   : Starting service [Tomcat]
2021-06-11 12:04:19.746  INFO 12204 --- [restartedMain] org.apache.catalina.core.StandardEngine  : Starting Servlet engine: [Apache Tomcat/9.0.46]
2021-06-11 12:04:20.021  INFO 12204 --- [restartedMain] o.a.c.c.C.[.[localhost].[/jpa-demo]      : Initializing Spring embedded WebApplicationContext
2021-06-11 12:04:20.022  INFO 12204 --- [restartedMain] w.s.c.ServletWebServerApplicationContext : Root WebApplicationContext: initialization completed in 2164 ms
2021-06-11 12:04:20.341  INFO 12204 --- [restartedMain] o.hibernate.jpa.internal.util.LogHelper  : HHH000204: Processing PersistenceUnitInfo [name: default]
2021-06-11 12:04:20.402  INFO 12204 --- [restartedMain] org.hibernate.Version                    : HHH000412: Hibernate ORM core version 5.4.32.Final
2021-06-11 12:04:20.559  INFO 12204 --- [restartedMain] o.hibernate.annotations.common.Version   : HCANN000001: Hibernate Commons Annotations {5.1.2.Final}
2021-06-11 12:04:20.658  INFO 12204 --- [restartedMain] com.zaxxer.hikari.HikariDataSource       : HikariPool-1 - Starting...
2021-06-11 12:04:21.026  INFO 12204 --- [restartedMain] com.zaxxer.hikari.HikariDataSource       : HikariPool-1 - Start completed.
2021-06-11 12:04:21.052  INFO 12204 --- [restartedMain] org.hibernate.dialect.Dialect            : HHH000400: Using dialect: org.hibernate.dialect.MySQL8Dialect
2021-06-11 12:04:21.814  INFO 12204 --- [restartedMain] o.h.e.t.j.p.i.JtaPlatformInitiator       : HHH000490: Using JtaPlatform implementation: [org.hibernate.engine.transaction.jta.platform.internal.NoJtaPlatform]
2021-06-11 12:04:21.826  INFO 12204 --- [restartedMain] j.LocalContainerEntityManagerFactoryBean : Initialized JPA EntityManagerFactory for persistence unit 'default'
2021-06-11 12:04:21.856  INFO 12204 --- [restartedMain] o.s.b.d.a.OptionalLiveReloadServer       : LiveReload server is running on port 35729
2021-06-11 12:04:22.249  WARN 12204 --- [restartedMain] JpaBaseConfiguration$JpaWebConfiguration : spring.jpa.open-in-view is enabled by default. Therefore, database queries may be performed during view rendering. Explicitly configure spring.jpa.open-in-view to disable this warning
2021-06-11 12:04:22.440  INFO 12204 --- [restartedMain] o.s.s.concurrent.ThreadPoolTaskExecutor  : Initializing ExecutorService 'applicationTaskExecutor'
2021-06-11 12:04:22.697  INFO 12204 --- [restartedMain] o.s.b.w.embedded.tomcat.TomcatWebServer  : Tomcat started on port(s): 9200 (http) with context path '/jpa-demo'
2021-06-11 12:04:22.711  INFO 12204 --- [restartedMain] c.e.datajpa.DatajpaDemoApplication       : Started DatajpaDemoApplication in 5.423 seconds (JVM running for 6.046)
2021-06-11 12:04:22.715  INFO 12204 --- [restartedMain] c.e.datajpa.DatajpaDemoApplication       : inside the createDummyAuthors() CommandLineRunner...
2021-06-11 12:04:22.717 DEBUG 12204 --- [restartedMain] c.e.datajpa.DatajpaDemoApplication       : Creating new authors...
2021-06-11 12:04:22.758 DEBUG 12204 --- [restartedMain] org.hibernate.SQL                        : select next_val as id_val from hibernate_sequence for update
2021-06-11 12:04:22.767 DEBUG 12204 --- [restartedMain] org.hibernate.SQL                        : update hibernate_sequence set next_val= ? where next_val=?
2021-06-11 12:04:22.803 DEBUG 12204 --- [restartedMain] org.hibernate.SQL                        : insert into authors (genre, name, id) values (?, ?, ?)
2021-06-11 12:04:22.808 TRACE 12204 --- [restartedMain] o.h.type.descriptor.sql.BasicBinder      : binding parameter [1] as [VARCHAR] - [Fiction]
2021-06-11 12:04:22.809 TRACE 12204 --- [restartedMain] o.h.type.descriptor.sql.BasicBinder      : binding parameter [2] as [VARCHAR] - [Enid Blyton]
2021-06-11 12:04:22.811 TRACE 12204 --- [restartedMain] o.h.type.descriptor.sql.BasicBinder      : binding parameter [3] as [INTEGER] - [9]
2021-06-11 12:04:22.821  INFO 12204 --- [restartedMain] c.e.datajpa.DatajpaDemoApplication       : created author Author(id=9, name=Enid Blyton, genre=Fiction)
2021-06-11 12:04:22.823 DEBUG 12204 --- [restartedMain] org.hibernate.SQL                        : select next_val as id_val from hibernate_sequence for update
2021-06-11 12:04:22.826 DEBUG 12204 --- [restartedMain] org.hibernate.SQL                        : update hibernate_sequence set next_val= ? where next_val=?
2021-06-11 12:04:22.833 DEBUG 12204 --- [restartedMain] org.hibernate.SQL                        : insert into authors (genre, name, id) values (?, ?, ?)
2021-06-11 12:04:22.834 TRACE 12204 --- [restartedMain] o.h.type.descriptor.sql.BasicBinder      : binding parameter [1] as [VARCHAR] - [Science Fiction]
2021-06-11 12:04:22.835 TRACE 12204 --- [restartedMain] o.h.type.descriptor.sql.BasicBinder      : binding parameter [2] as [VARCHAR] - [Eric nylund]
2021-06-11 12:04:22.836 TRACE 12204 --- [restartedMain] o.h.type.descriptor.sql.BasicBinder      : binding parameter [3] as [INTEGER] - [10]
2021-06-11 12:04:22.841  INFO 12204 --- [restartedMain] c.e.datajpa.DatajpaDemoApplication       : created author Author(id=10, name=Eric nylund, genre=Science Fiction)
2021-06-11 12:04:22.842  INFO 12204 --- [restartedMain] c.e.datajpa.DatajpaDemoApplication       : fetcching all authors...
2021-06-11 12:04:23.011 DEBUG 12204 --- [restartedMain] org.hibernate.SQL                        : select author0_.id as id1_0_, author0_.genre as genre2_0_, author0_.name as name3_0_ from authors author0_
2021-06-11 12:04:23.028  INFO 12204 --- [restartedMain] c.e.datajpa.DatajpaDemoApplication       : Author: Author(id=7, name=Enid Blyton, genre=Fiction)
2021-06-11 12:04:23.029  INFO 12204 --- [restartedMain] c.e.datajpa.DatajpaDemoApplication       : Author: Author(id=8, name=Eric nylund, genre=Science Fiction)
2021-06-11 12:04:23.029  INFO 12204 --- [restartedMain] c.e.datajpa.DatajpaDemoApplication       : Author: Author(id=9, name=Enid Blyton, genre=Fiction)
2021-06-11 12:04:23.030  INFO 12204 --- [restartedMain] c.e.datajpa.DatajpaDemoApplication       : Author: Author(id=10, name=Eric nylund, genre=Science Fiction)
2021-06-11 12:04:23.030  INFO 12204 --- [restartedMain] c.e.datajpa.DatajpaDemoApplication       : deleting all authors...
2021-06-11 12:04:23.040 DEBUG 12204 --- [restartedMain] org.hibernate.SQL                        : select author0_.id as id1_0_0_, author0_.genre as genre2_0_0_, author0_.name as name3_0_0_ from authors author0_ where author0_.id=?
2021-06-11 12:04:23.041 TRACE 12204 --- [restartedMain] o.h.type.descriptor.sql.BasicBinder      : binding parameter [1] as [INTEGER] - [9]
2021-06-11 12:04:23.051 DEBUG 12204 --- [restartedMain] org.hibernate.SQL                        : select author0_.id as id1_0_0_, author0_.genre as genre2_0_0_, author0_.name as name3_0_0_ from authors author0_ where author0_.id=?
2021-06-11 12:04:23.052 TRACE 12204 --- [restartedMain] o.h.type.descriptor.sql.BasicBinder      : binding parameter [1] as [INTEGER] - [9]
2021-06-11 12:04:23.065 DEBUG 12204 --- [restartedMain] org.hibernate.SQL                        : delete from authors where id=?
2021-06-11 12:04:23.066 TRACE 12204 --- [restartedMain] o.h.type.descriptor.sql.BasicBinder      : binding parameter [1] as [INTEGER] - [9]
2021-06-11 12:04:23.074 DEBUG 12204 --- [restartedMain] org.hibernate.SQL                        : select author0_.id as id1_0_0_, author0_.genre as genre2_0_0_, author0_.name as name3_0_0_ from authors author0_ where author0_.id=?
2021-06-11 12:04:23.075 TRACE 12204 --- [restartedMain] o.h.type.descriptor.sql.BasicBinder      : binding parameter [1] as [INTEGER] - [10]
2021-06-11 12:04:23.080 DEBUG 12204 --- [restartedMain] org.hibernate.SQL                        : select author0_.id as id1_0_0_, author0_.genre as genre2_0_0_, author0_.name as name3_0_0_ from authors author0_ where author0_.id=?
2021-06-11 12:04:23.081 TRACE 12204 --- [restartedMain] o.h.type.descriptor.sql.BasicBinder      : binding parameter [1] as [INTEGER] - [10]
2021-06-11 12:04:23.084 DEBUG 12204 --- [restartedMain] org.hibernate.SQL                        : delete from authors where id=?
2021-06-11 12:04:23.086 TRACE 12204 --- [restartedMain] o.h.type.descriptor.sql.BasicBinder      : binding parameter [1] as [INTEGER] - [10]
2021-06-11 12:07:02.225  INFO 12204 --- [Thread-4] o.s.s.concurrent.ThreadPoolTaskExecutor  : Shutting down ExecutorService 'applicationTaskExecutor'
2021-06-11 12:07:02.227  INFO 12204 --- [Thread-4] j.LocalContainerEntityManagerFactoryBean : Closing JPA EntityManagerFactory for persistence unit 'default'
2021-06-11 12:07:02.231  INFO 12204 --- [Thread-4] com.zaxxer.hikari.HikariDataSource       : HikariPool-1 - Shutdown initiated...
2021-06-11 12:07:02.253  INFO 12204 --- [Thread-4] com.zaxxer.hikari.HikariDataSource       : HikariPool-1 - Shutdown completed.
